Using pre-set license
Built from '2020.2/release' branch; Version is '2020.2.2f1 (068178b99f32) revision 426360'; Using compiler version '192528614'; Build Type 'Release'
OS: 'Windows 10 Home; OS build 19042.1165; Version 2009; 64bit' Language: 'en' Physical Memory: 4094 MB
BatchMode: 1, IsHumanControllingUs: 0, StartBugReporterOnCrash: 0, Is64bit: 1, IsPro: 0

 COMMAND LINE ARGUMENTS:
C:\Program Files\Unity Installs\2020.2.2f1\Editor\Unity.exe
-adb2
-batchMode
-noUpm
-name
AssetImportWorker7
-projectPath
C:/Users/lokih/Documents/Unity Projects/Brackeys Game Jam 2021.2
-logFile
Logs/AssetImportWorker7.log
-srvPort
50132
Successfully changed project path to: C:/Users/lokih/Documents/Unity Projects/Brackeys Game Jam 2021.2
C:/Users/lokih/Documents/Unity Projects/Brackeys Game Jam 2021.2
Using Asset Import Pipeline V2.
Refreshing native plugins compatible for Editor in 96.99 ms, found 1 plugins.
Preloading 0 native plugins for Editor in 0.00 ms.
Initialize engine version: 2020.2.2f1 (068178b99f32)
[Subsystems] Discovering subsystems at path C:/Program Files/Unity Installs/2020.2.2f1/Editor/Data/Resources/UnitySubsystems
[Subsystems] Discovering subsystems at path C:/Users/lokih/Documents/Unity Projects/Brackeys Game Jam 2021.2/Assets
GfxDevice: creating device client; threaded=0
Direct3D:
    Version:  Direct3D 11.0 [level 11.1]
    Renderer: NVIDIA GeForce GTX 1050 Ti (ID=0x1c82)
    Vendor:   
    VRAM:     4018 MB
    Driver:   27.21.14.6089
Initialize mono
Mono path[0] = 'C:/Program Files/Unity Installs/2020.2.2f1/Editor/Data/Managed'
Mono path[1] = 'C:/Program Files/Unity Installs/2020.2.2f1/Editor/Data/MonoBleedingEdge/lib/mono/unityjit'
Mono config path = 'C:/Program Files/Unity Installs/2020.2.2f1/Editor/Data/MonoBleedingEdge/etc'
Using monoOptions --debugger-agent=transport=dt_socket,embedding=1,server=y,suspend=n,address=127.0.0.1:56188
Begin MonoManager ReloadAssembly
Registering precompiled unity dll's ...
Register platform support module: C:/Program Files/Unity Installs/2020.2.2f1/Editor/Data/PlaybackEngines/WindowsStandaloneSupport/UnityEditor.WindowsStandalone.Extensions.dll
Registered in 0.004835 seconds.
Native extension for WindowsStandalone target not found
Refreshing native plugins compatible for Editor in 92.13 ms, found 1 plugins.
Preloading 0 native plugins for Editor in 0.00 ms.
Invoked RoslynAnalysisRunner static constructor.
RoslynAnalysisRunner will not be running.
RoslynAnalysisRunner has terminated.
Mono: successfully reloaded assembly
- Completed reload, in  2.643 seconds
Platform modules already initialized, skipping
Registering precompiled user dll's ...
Registered in 0.003152 seconds.
Begin MonoManager ReloadAssembly
Native extension for WindowsStandalone target not found
Refreshing native plugins compatible for Editor in 98.34 ms, found 1 plugins.
Preloading 0 native plugins for Editor in 0.00 ms.
Invoked RoslynAnalysisRunner static constructor.
RoslynAnalysisRunner will not be running.
RoslynAnalysisRunner has terminated.
Mono: successfully reloaded assembly
- Completed reload, in  7.241 seconds
Platform modules already initialized, skipping
========================================================================
Worker process is ready to serve import requests
Launched and connected shader compiler UnityShaderCompiler.exe after 0.31 seconds
Refreshing native plugins compatible for Editor in 0.77 ms, found 1 plugins.
Preloading 0 native plugins for Editor in 0.00 ms.
Unloading 1792 Unused Serialized files (Serialized files now loaded: 0)
System memory in use before: 84.2 MB.
System memory in use after: 84.1 MB.

Unloading 24 unused Assets to reduce memory usage. Loaded Objects now: 2233.
Total: 5.981400 ms (FindLiveObjects: 0.856700 ms CreateObjectMapping: 0.224700 ms MarkObjects: 4.547600 ms  DeleteObjects: 0.347700 ms)

========================================================================
Received Import Request.
  path: Assets/Scenes/Menu.unity
  artifactKey: Guid(347265f7c9f23254da4ffe0dfbcb6ba2) Importer(815301076,1909f56bfc062723c751e8b465ee728b)
Start importing Assets/Scenes/Menu.unity using Guid(347265f7c9f23254da4ffe0dfbcb6ba2) Importer(815301076,1909f56bfc062723c751e8b465ee728b)  -> (artifact id: '7a886d1c62e82ac480c82abb1722e9a9') in 0.110577 seconds
  Import took 0.165585 seconds .

========================================================================
Received Import Request.
  Time since last request: 0.000498 seconds.
  path: Assets/Player/Base.png
  artifactKey: Guid(95dd98e35045203408081d48bc00770e) Importer(815301076,1909f56bfc062723c751e8b465ee728b)
Start importing Assets/Player/Base.png using Guid(95dd98e35045203408081d48bc00770e) Importer(815301076,1909f56bfc062723c751e8b465ee728b)  -> (artifact id: 'cb1903d23694a9a58c6cfeb9579bbfb5') in 0.583568 seconds
  Import took 0.604859 seconds .

========================================================================
Received Import Request.
  Time since last request: 0.000675 seconds.
  path: Assets/Scenes/Game.unity
  artifactKey: Guid(e9fadf1ee81aa0d4bbbc325829e73da6) Importer(815301076,1909f56bfc062723c751e8b465ee728b)
Start importing Assets/Scenes/Game.unity using Guid(e9fadf1ee81aa0d4bbbc325829e73da6) Importer(815301076,1909f56bfc062723c751e8b465ee728b)  -> (artifact id: '57beb801e9730c37ae1527d46a0223d6') in 0.022599 seconds
  Import took 0.038343 seconds .

========================================================================
Received Import Request.
  Time since last request: 5.174090 seconds.
  path: Assets/Player/Base.png
  artifactKey: Guid(95dd98e35045203408081d48bc00770e) Importer(815301076,1909f56bfc062723c751e8b465ee728b)
Start importing Assets/Player/Base.png using Guid(95dd98e35045203408081d48bc00770e) Importer(815301076,1909f56bfc062723c751e8b465ee728b)  -> (artifact id: 'd524c33ed15cff676ec64d02d063d6d0') in 0.038482 seconds
  Import took 0.045526 seconds .

========================================================================
Received Import Request.
  Time since last request: 19.070552 seconds.
  path: Assets/Player/Base.png
  artifactKey: Guid(95dd98e35045203408081d48bc00770e) Importer(815301076,1909f56bfc062723c751e8b465ee728b)
Start importing Assets/Player/Base.png using Guid(95dd98e35045203408081d48bc00770e) Importer(815301076,1909f56bfc062723c751e8b465ee728b)  -> (artifact id: '6811d4db2aa9bb6aba02d8c4e8c8e8b0') in 0.023724 seconds
  Import took 0.031254 seconds .

========================================================================
Received Import Request.
  Time since last request: 4.261425 seconds.
  path: Assets/Player/Base.png
  artifactKey: Guid(95dd98e35045203408081d48bc00770e) Importer(815301076,1909f56bfc062723c751e8b465ee728b)
Start importing Assets/Player/Base.png using Guid(95dd98e35045203408081d48bc00770e) Importer(815301076,1909f56bfc062723c751e8b465ee728b)  -> (artifact id: '4cb1cf7a1bb8d56abf4069bad10b61a7') in 0.032517 seconds
  Import took 0.053039 seconds .

AssetImportWorkerClient::OnTransportError - code=2 error=End of file
